2021-02-21 16:08:36.533 [background-preinit] INFO  org.hibernate.validator.internal.util.Version:21 - HV000001: Hibernate Validator 6.1.6.Final
2021-02-21 16:08:36.607 [main] INFO  org.jeecg.JeecgSystemApplication:55 - Starting JeecgSystemApplication on DESKTOP-DSUQ867 with PID 33220 (D:\sungw\member\member\jeecg-boot\jeecg-boot-module-system\target\classes started by sungw in D:\sungw\member\member\jeecg-boot)
2021-02-21 16:08:36.608 [main] INFO  org.jeecg.JeecgSystemApplication:655 - The following profiles are active: dev
2021-02-21 16:08:38.398 [main] INFO  o.s.d.r.config.RepositoryConfigurationDelegate:249 - Multiple Spring Data modules found, entering strict repository configuration mode!
2021-02-21 16:08:38.401 [main] INFO  o.s.d.r.config.RepositoryConfigurationDelegate:127 - Bootstrapping Spring Data Redis repositories in DEFAULT mode.
2021-02-21 16:08:38.496 [main] INFO  o.s.d.r.config.RepositoryConfigurationDelegate:187 - Finished Spring Data repository scanning in 83ms. Found 0 Redis repository interfaces.
2021-02-21 16:08:38.853 [main] INFO  o.s.c.s.PostProcessorRegistrationDelegate$BeanPostProcessorChecker:335 - Bean 'spring.redis-org.springframework.boot.autoconfigure.data.redis.RedisProperties' of type [org.springframework.boot.autoconfigure.data.redis.RedisProperties] is not eligible for getting processed by all BeanPostProcessors (for example: not eligible for auto-proxying)
2021-02-21 16:08:38.856 [main] INFO  o.s.c.s.PostProcessorRegistrationDelegate$BeanPostProcessorChecker:335 - Bean 'org.springframework.boot.autoconfigure.data.redis.LettuceConnectionConfiguration' of type [org.springframework.boot.autoconfigure.data.redis.LettuceConnectionConfiguration] is not eligible for getting processed by all BeanPostProcessors (for example: not eligible for auto-proxying)
2021-02-21 16:08:38.933 [main] INFO  o.s.c.s.PostProcessorRegistrationDelegate$BeanPostProcessorChecker:335 - Bean 'lettuceClientResources' of type [io.lettuce.core.resource.DefaultClientResources] is not eligible for getting processed by all BeanPostProcessors (for example: not eligible for auto-proxying)
2021-02-21 16:08:39.006 [main] INFO  o.s.c.s.PostProcessorRegistrationDelegate$BeanPostProcessorChecker:335 - Bean 'redisConnectionFactory' of type [org.springframework.data.redis.connection.lettuce.LettuceConnectionFactory] is not eligible for getting processed by all BeanPostProcessors (for example: not eligible for auto-proxying)
2021-02-21 16:08:39.008 [main] INFO  o.s.c.s.PostProcessorRegistrationDelegate$BeanPostProcessorChecker:335 - Bean 'shiroConfig' of type [org.jeecg.config.shiro.ShiroConfig$$EnhancerBySpringCGLIB$$b6a95c5b] is not eligible for getting processed by all BeanPostProcessors (for example: not eligible for auto-proxying)
2021-02-21 16:08:39.044 [main] INFO  o.s.c.s.PostProcessorRegistrationDelegate$BeanPostProcessorChecker:335 - Bean 'shiroRealm' of type [org.jeecg.config.shiro.ShiroRealm] is not eligible for getting processed by all BeanPostProcessors (for example: not eligible for auto-proxying)
2021-02-21 16:08:39.298 [main] INFO  org.jeecg.config.shiro.ShiroConfig:207 - ===============(1)创建缓存管理器RedisCacheManager
2021-02-21 16:08:39.300 [main] INFO  org.jeecg.config.shiro.ShiroConfig:225 - ===============(2)创建RedisManager,连接Redis..
2021-02-21 16:08:39.303 [main] INFO  o.s.c.s.PostProcessorRegistrationDelegate$BeanPostProcessorChecker:335 - Bean 'redisManager' of type [org.crazycake.shiro.RedisManager] is not eligible for getting processed by all BeanPostProcessors (for example: not eligible for auto-proxying)
2021-02-21 16:08:39.310 [main] INFO  o.s.c.s.PostProcessorRegistrationDelegate$BeanPostProcessorChecker:335 - Bean 'securityManager' of type [org.apache.shiro.web.mgt.DefaultWebSecurityManager] is not eligible for getting processed by all BeanPostProcessors (for example: not eligible for auto-proxying)
2021-02-21 16:08:39.340 [main] INFO  o.s.c.s.PostProcessorRegistrationDelegate$BeanPostProcessorChecker:335 - Bean 'authorizationAttributeSourceAdvisor' of type [org.apache.shiro.spring.security.interceptor.AuthorizationAttributeSourceAdvisor] is not eligible for getting processed by all BeanPostProcessors (for example: not eligible for auto-proxying)
2021-02-21 16:08:39.536 [main] INFO  o.s.c.s.PostProcessorRegistrationDelegate$BeanPostProcessorChecker:335 - Bean 'spring.datasource.dynamic-com.baomidou.dynamic.datasource.spring.boot.autoconfigure.DynamicDataSourceProperties' of type [com.baomidou.dynamic.datasource.spring.boot.autoconfigure.DynamicDataSourceProperties] is not eligible for getting processed by all BeanPostProcessors (for example: not eligible for auto-proxying)
2021-02-21 16:08:39.542 [main] INFO  o.s.c.s.PostProcessorRegistrationDelegate$BeanPostProcessorChecker:335 - Bean 'com.baomidou.dynamic.datasource.spring.boot.autoconfigure.DynamicDataSourceAutoConfiguration' of type [com.baomidou.dynamic.datasource.spring.boot.autoconfigure.DynamicDataSourceAutoConfiguration$$EnhancerBySpringCGLIB$$c0fb8533] is not eligible for getting processed by all BeanPostProcessors (for example: not eligible for auto-proxying)
2021-02-21 16:08:39.550 [main] INFO  o.s.c.s.PostProcessorRegistrationDelegate$BeanPostProcessorChecker:335 - Bean 'dsProcessor' of type [com.baomidou.dynamic.datasource.processor.DsHeaderProcessor] is not eligible for getting processed by all BeanPostProcessors (for example: not eligible for auto-proxying)
2021-02-21 16:08:39.563 [main] INFO  o.s.c.s.PostProcessorRegistrationDelegate$BeanPostProcessorChecker:335 - Bean 'redisConfig' of type [org.jeecg.config.redis.RedisConfig$$EnhancerBySpringCGLIB$$2d924b6f] is not eligible for getting processed by all BeanPostProcessors (for example: not eligible for auto-proxying)
2021-02-21 16:08:39.599 [main] INFO  o.s.c.s.PostProcessorRegistrationDelegate$BeanPostProcessorChecker:335 - Bean 'org.apache.shiro.spring.boot.autoconfigure.ShiroBeanAutoConfiguration' of type [org.apache.shiro.spring.boot.autoconfigure.ShiroBeanAutoConfiguration$$EnhancerBySpringCGLIB$$6a85f212] is not eligible for getting processed by all BeanPostProcessors (for example: not eligible for auto-proxying)
2021-02-21 16:08:39.604 [main] INFO  o.s.c.s.PostProcessorRegistrationDelegate$BeanPostProcessorChecker:335 - Bean 'eventBus' of type [org.apache.shiro.event.support.DefaultEventBus] is not eligible for getting processed by all BeanPostProcessors (for example: not eligible for auto-proxying)
2021-02-21 16:08:39.915 [main] INFO  o.s.boot.web.embedded.tomcat.TomcatWebServer:108 - Tomcat initialized with port(s): 2222 (http)
2021-02-21 16:08:39.924 [main] INFO  org.apache.coyote.http11.Http11NioProtocol:173 - Initializing ProtocolHandler ["http-nio-2222"]
2021-02-21 16:08:39.924 [main] INFO  org.apache.catalina.core.StandardService:173 - Starting service [Tomcat]
2021-02-21 16:08:39.925 [main] INFO  org.apache.catalina.core.StandardEngine:173 - Starting Servlet engine: [Apache Tomcat/9.0.39]
2021-02-21 16:08:40.036 [main] INFO  o.a.c.c.C.[Tomcat].[localhost].[/jeecg-boot]:173 - Initializing Spring embedded WebApplicationContext
2021-02-21 16:08:40.037 [main] INFO  o.s.b.w.s.c.ServletWebServerApplicationContext:285 - Root WebApplicationContext: initialization completed in 3331 ms
2021-02-21 16:08:42.767 [main] INFO  com.alibaba.druid.pool.DruidDataSource:994 - {dataSource-1,master} inited
2021-02-21 16:08:42.769 [main] INFO  c.b.dynamic.datasource.DynamicRoutingDataSource:132 - dynamic-datasource - load a datasource named [master] success
2021-02-21 16:08:42.770 [main] INFO  c.b.dynamic.datasource.DynamicRoutingDataSource:237 - dynamic-datasource initial loaded [1] datasource,primary datasource named [master]
2021-02-21 16:08:44.916 [main] INFO  org.jeecg.config.redis.RedisConfig:66 -  --- redis config init --- 
2021-02-21 16:08:45.604 [main] INFO  org.quartz.impl.StdSchedulerFactory:1220 - Using default implementation for ThreadExecutor
2021-02-21 16:08:45.606 [main] INFO  org.quartz.simpl.SimpleThreadPool:268 - Job execution threads will use class loader of thread: main
2021-02-21 16:08:45.613 [main] INFO  org.quartz.core.SchedulerSignalerImpl:61 - Initialized Scheduler Signaller of type: class org.quartz.core.SchedulerSignalerImpl
2021-02-21 16:08:45.614 [main] INFO  org.quartz.core.QuartzScheduler:229 - Quartz Scheduler v.2.3.2 created.
2021-02-21 16:08:45.617 [main] INFO  o.s.scheduling.quartz.LocalDataSourceJobStore:672 - Using db table-based data access locking (synchronization).
2021-02-21 16:08:45.618 [main] INFO  o.s.scheduling.quartz.LocalDataSourceJobStore:145 - JobStoreCMT initialized.
2021-02-21 16:08:45.619 [main] INFO  org.quartz.core.QuartzScheduler:294 - Scheduler meta-data: Quartz Scheduler (v2.3.2) 'MyScheduler' with instanceId 'DESKTOP-DSUQ8671613894925605'
  Scheduler class: 'org.quartz.core.QuartzScheduler' - running locally.
  NOT STARTED.
  Currently in standby mode.
  Number of jobs executed: 0
  Using thread pool 'org.quartz.simpl.SimpleThreadPool' - with 10 threads.
  Using job-store 'org.springframework.scheduling.quartz.LocalDataSourceJobStore' - which supports persistence. and is clustered.

2021-02-21 16:08:45.619 [main] INFO  org.quartz.impl.StdSchedulerFactory:1374 - Quartz scheduler 'MyScheduler' initialized from an externally provided properties instance.
2021-02-21 16:08:45.620 [main] INFO  org.quartz.impl.StdSchedulerFactory:1378 - Quartz scheduler version: 2.3.2
2021-02-21 16:08:45.620 [main] INFO  org.quartz.core.QuartzScheduler:2293 - JobFactory set to: org.springframework.scheduling.quartz.SpringBeanJobFactory@1760e688
2021-02-21 16:08:48.050 [main] INFO  o.s.b.actuate.endpoint.web.EndpointLinksResolver:58 - Exposing 2 endpoint(s) beneath base path '/actuator'
2021-02-21 16:08:48.188 [main] INFO  s.d.s.w.PropertySourcedRequestMappingHandlerMapping:69 - Mapped URL path [/v2/api-docs] onto method [springfox.documentation.swagger2.web.Swagger2Controller#getDocumentation(String, HttpServletRequest)]
2021-02-21 16:08:48.394 [main] INFO  o.s.scheduling.concurrent.ThreadPoolTaskExecutor:181 - Initializing ExecutorService 'applicationTaskExecutor'
2021-02-21 16:08:48.929 [main] INFO  org.apache.coyote.http11.Http11NioProtocol:173 - Starting ProtocolHandler ["http-nio-2222"]
2021-02-21 16:08:48.950 [main] INFO  o.s.boot.web.embedded.tomcat.TomcatWebServer:220 - Tomcat started on port(s): 2222 (http) with context path '/jeecg-boot'
2021-02-21 16:08:48.951 [main] INFO  s.d.s.web.plugins.DocumentationPluginsBootstrapper:160 - Context refreshed
2021-02-21 16:08:48.964 [main] INFO  s.d.s.web.plugins.DocumentationPluginsBootstrapper:163 - Found 1 custom documentation plugin(s)
2021-02-21 16:08:49.024 [main] INFO  s.d.spring.web.scanners.ApiListingReferenceScanner:41 - Scanning for api listing references
2021-02-21 16:08:49.184 [main] INFO  s.d.s.w.r.operation.CachingOperationNameGenerator:40 - Generating unique operation named: addUsingPOST_1
2021-02-21 16:08:49.185 [main] INFO  s.d.s.w.r.operation.CachingOperationNameGenerator:40 - Generating unique operation named: deleteUsingDELETE_1
2021-02-21 16:08:49.187 [main] INFO  s.d.s.w.r.operation.CachingOperationNameGenerator:40 - Generating unique operation named: deleteBatchUsingDELETE_1
2021-02-21 16:08:49.188 [main] INFO  s.d.s.w.r.operation.CachingOperationNameGenerator:40 - Generating unique operation named: editUsingPUT_1
2021-02-21 16:08:49.190 [main] INFO  s.d.s.w.r.operation.CachingOperationNameGenerator:40 - Generating unique operation named: queryByIdUsingGET_1
2021-02-21 16:08:49.194 [main] INFO  s.d.s.w.r.operation.CachingOperationNameGenerator:40 - Generating unique operation named: queryPageListUsingGET_1
2021-02-21 16:08:49.225 [main] INFO  s.d.s.w.r.operation.CachingOperationNameGenerator:40 - Generating unique operation named: addUsingPOST_2
2021-02-21 16:08:49.227 [main] INFO  s.d.s.w.r.operation.CachingOperationNameGenerator:40 - Generating unique operation named: deleteUsingDELETE_2
2021-02-21 16:08:49.229 [main] INFO  s.d.s.w.r.operation.CachingOperationNameGenerator:40 - Generating unique operation named: deleteBatchUsingDELETE_2
2021-02-21 16:08:49.231 [main] INFO  s.d.s.w.r.operation.CachingOperationNameGenerator:40 - Generating unique operation named: editUsingPUT_2
2021-02-21 16:08:49.232 [main] INFO  s.d.s.w.r.operation.CachingOperationNameGenerator:40 - Generating unique operation named: queryByIdUsingGET_2
2021-02-21 16:08:49.238 [main] INFO  s.d.s.w.r.operation.CachingOperationNameGenerator:40 - Generating unique operation named: queryPageListUsingGET_2
2021-02-21 16:08:49.242 [main] INFO  s.d.s.w.r.operation.CachingOperationNameGenerator:40 - Generating unique operation named: addUsingPOST_3
2021-02-21 16:08:49.244 [main] INFO  s.d.s.w.r.operation.CachingOperationNameGenerator:40 - Generating unique operation named: deleteUsingDELETE_3
2021-02-21 16:08:49.246 [main] INFO  s.d.s.w.r.operation.CachingOperationNameGenerator:40 - Generating unique operation named: deleteBatchUsingDELETE_3
2021-02-21 16:08:49.250 [main] INFO  s.d.s.w.r.operation.CachingOperationNameGenerator:40 - Generating unique operation named: editUsingPUT_3
2021-02-21 16:08:49.251 [main] INFO  s.d.s.w.r.operation.CachingOperationNameGenerator:40 - Generating unique operation named: queryByIdUsingGET_3
2021-02-21 16:08:49.254 [main] INFO  s.d.s.w.r.operation.CachingOperationNameGenerator:40 - Generating unique operation named: queryPageListUsingGET_3
2021-02-21 16:08:49.258 [main] INFO  s.d.s.w.r.operation.CachingOperationNameGenerator:40 - Generating unique operation named: addUsingPOST_4
2021-02-21 16:08:49.260 [main] INFO  s.d.s.w.r.operation.CachingOperationNameGenerator:40 - Generating unique operation named: deleteUsingDELETE_4
2021-02-21 16:08:49.261 [main] INFO  s.d.s.w.r.operation.CachingOperationNameGenerator:40 - Generating unique operation named: deleteBatchUsingDELETE_4
2021-02-21 16:08:49.262 [main] INFO  s.d.s.w.r.operation.CachingOperationNameGenerator:40 - Generating unique operation named: editUsingPUT_4
2021-02-21 16:08:49.263 [main] INFO  s.d.s.w.r.operation.CachingOperationNameGenerator:40 - Generating unique operation named: queryByIdUsingGET_4
2021-02-21 16:08:49.268 [main] INFO  s.d.s.w.r.operation.CachingOperationNameGenerator:40 - Generating unique operation named: queryPageListUsingGET_4
2021-02-21 16:08:49.273 [main] INFO  s.d.s.w.r.operation.CachingOperationNameGenerator:40 - Generating unique operation named: addUsingPOST_5
2021-02-21 16:08:49.274 [main] INFO  s.d.s.w.r.operation.CachingOperationNameGenerator:40 - Generating unique operation named: deleteUsingDELETE_5
2021-02-21 16:08:49.275 [main] INFO  s.d.s.w.r.operation.CachingOperationNameGenerator:40 - Generating unique operation named: deleteBatchUsingDELETE_5
2021-02-21 16:08:49.276 [main] INFO  s.d.s.w.r.operation.CachingOperationNameGenerator:40 - Generating unique operation named: editUsingPUT_5
2021-02-21 16:08:49.277 [main] INFO  s.d.s.w.r.operation.CachingOperationNameGenerator:40 - Generating unique operation named: queryByIdUsingGET_5
2021-02-21 16:08:49.282 [main] INFO  s.d.s.w.r.operation.CachingOperationNameGenerator:40 - Generating unique operation named: queryPageListUsingGET_5
2021-02-21 16:08:49.290 [main] INFO  s.d.s.w.r.operation.CachingOperationNameGenerator:40 - Generating unique operation named: addUsingPOST_6
2021-02-21 16:08:49.294 [main] INFO  s.d.s.w.r.operation.CachingOperationNameGenerator:40 - Generating unique operation named: deleteUsingDELETE_6
2021-02-21 16:08:49.295 [main] INFO  s.d.s.w.r.operation.CachingOperationNameGenerator:40 - Generating unique operation named: deleteBatchUsingDELETE_6
2021-02-21 16:08:49.297 [main] INFO  s.d.s.w.r.operation.CachingOperationNameGenerator:40 - Generating unique operation named: editUsingPUT_6
2021-02-21 16:08:49.298 [main] INFO  s.d.s.w.r.operation.CachingOperationNameGenerator:40 - Generating unique operation named: queryByIdUsingGET_6
2021-02-21 16:08:49.301 [main] INFO  s.d.s.w.r.operation.CachingOperationNameGenerator:40 - Generating unique operation named: queryPageListUsingGET_6
2021-02-21 16:08:49.306 [main] INFO  s.d.s.w.r.operation.CachingOperationNameGenerator:40 - Generating unique operation named: addUsingPOST_7
2021-02-21 16:08:49.307 [main] INFO  s.d.s.w.r.operation.CachingOperationNameGenerator:40 - Generating unique operation named: deleteUsingDELETE_7
2021-02-21 16:08:49.308 [main] INFO  s.d.s.w.r.operation.CachingOperationNameGenerator:40 - Generating unique operation named: deleteBatchUsingDELETE_7
2021-02-21 16:08:49.310 [main] INFO  s.d.s.w.r.operation.CachingOperationNameGenerator:40 - Generating unique operation named: editUsingPUT_7
2021-02-21 16:08:49.311 [main] INFO  s.d.s.w.r.operation.CachingOperationNameGenerator:40 - Generating unique operation named: queryByIdUsingGET_7
2021-02-21 16:08:49.314 [main] INFO  s.d.s.w.r.operation.CachingOperationNameGenerator:40 - Generating unique operation named: queryPageListUsingGET_7
2021-02-21 16:08:49.317 [main] INFO  s.d.s.w.r.operation.CachingOperationNameGenerator:40 - Generating unique operation named: addUsingPOST_8
2021-02-21 16:08:49.318 [main] INFO  s.d.s.w.r.operation.CachingOperationNameGenerator:40 - Generating unique operation named: deleteUsingDELETE_8
2021-02-21 16:08:49.319 [main] INFO  s.d.s.w.r.operation.CachingOperationNameGenerator:40 - Generating unique operation named: deleteBatchUsingDELETE_8
2021-02-21 16:08:49.321 [main] INFO  s.d.s.w.r.operation.CachingOperationNameGenerator:40 - Generating unique operation named: editUsingPUT_8
2021-02-21 16:08:49.322 [main] INFO  s.d.s.w.r.operation.CachingOperationNameGenerator:40 - Generating unique operation named: queryByIdUsingGET_8
2021-02-21 16:08:49.326 [main] INFO  s.d.s.w.r.operation.CachingOperationNameGenerator:40 - Generating unique operation named: queryPageListUsingGET_8
2021-02-21 16:08:49.333 [main] INFO  s.d.s.w.r.operation.CachingOperationNameGenerator:40 - Generating unique operation named: addUsingPOST_9
2021-02-21 16:08:49.334 [main] INFO  s.d.s.w.r.operation.CachingOperationNameGenerator:40 - Generating unique operation named: deleteUsingDELETE_9
2021-02-21 16:08:49.335 [main] INFO  s.d.s.w.r.operation.CachingOperationNameGenerator:40 - Generating unique operation named: deleteBatchUsingDELETE_9
2021-02-21 16:08:49.336 [main] INFO  s.d.s.w.r.operation.CachingOperationNameGenerator:40 - Generating unique operation named: editUsingPUT_9
2021-02-21 16:08:49.337 [main] INFO  s.d.s.w.r.operation.CachingOperationNameGenerator:40 - Generating unique operation named: queryByIdUsingGET_9
2021-02-21 16:08:49.341 [main] INFO  s.d.s.w.r.operation.CachingOperationNameGenerator:40 - Generating unique operation named: queryPageListUsingGET_9
2021-02-21 16:08:49.345 [main] INFO  s.d.s.w.r.operation.CachingOperationNameGenerator:40 - Generating unique operation named: addUsingPOST_10
2021-02-21 16:08:49.346 [main] INFO  s.d.s.w.r.operation.CachingOperationNameGenerator:40 - Generating unique operation named: deleteUsingDELETE_10
2021-02-21 16:08:49.347 [main] INFO  s.d.s.w.r.operation.CachingOperationNameGenerator:40 - Generating unique operation named: deleteBatchUsingDELETE_10
2021-02-21 16:08:49.348 [main] INFO  s.d.s.w.r.operation.CachingOperationNameGenerator:40 - Generating unique operation named: editUsingPUT_10
2021-02-21 16:08:49.349 [main] INFO  s.d.s.w.r.operation.CachingOperationNameGenerator:40 - Generating unique operation named: queryByIdUsingGET_10
2021-02-21 16:08:49.352 [main] INFO  s.d.s.w.r.operation.CachingOperationNameGenerator:40 - Generating unique operation named: queryPageListUsingGET_10
2021-02-21 16:08:49.359 [main] INFO  s.d.s.w.r.operation.CachingOperationNameGenerator:40 - Generating unique operation named: addUsingPOST_11
2021-02-21 16:08:49.360 [main] INFO  s.d.s.w.r.operation.CachingOperationNameGenerator:40 - Generating unique operation named: deleteUsingDELETE_11
2021-02-21 16:08:49.361 [main] INFO  s.d.s.w.r.operation.CachingOperationNameGenerator:40 - Generating unique operation named: deleteBatchUsingDELETE_11
2021-02-21 16:08:49.362 [main] INFO  s.d.s.w.r.operation.CachingOperationNameGenerator:40 - Generating unique operation named: editUsingPUT_11
2021-02-21 16:08:49.363 [main] INFO  s.d.s.w.r.operation.CachingOperationNameGenerator:40 - Generating unique operation named: queryByIdUsingGET_11
2021-02-21 16:08:49.370 [main] INFO  s.d.s.w.r.operation.CachingOperationNameGenerator:40 - Generating unique operation named: queryPageListUsingGET_11
2021-02-21 16:08:49.381 [main] INFO  o.s.scheduling.quartz.SchedulerFactoryBean:727 - Starting Quartz Scheduler now
2021-02-21 16:08:49.796 [main] INFO  org.quartz.core.QuartzScheduler:547 - Scheduler MyScheduler_$_DESKTOP-DSUQ8671613894925605 started.
2021-02-21 16:08:49.809 [main] INFO  org.jeecg.JeecgSystemApplication:61 - Started JeecgSystemApplication in 14.232 seconds (JVM running for 15.138)
2021-02-21 16:08:49.815 [main] INFO  org.jeecg.modules.init.SystemInitListener:27 -  服务已启动，准备初始化路由配置 ###################
2021-02-21 16:08:50.081 [RMI TCP Connection(3)-192.168.2.176] INFO  o.a.c.c.C.[Tomcat].[localhost].[/jeecg-boot]:173 - Initializing Spring DispatcherServlet 'dispatcherServlet'
2021-02-21 16:08:50.081 [RMI TCP Connection(3)-192.168.2.176] INFO  org.springframework.web.servlet.DispatcherServlet:525 - Initializing Servlet 'dispatcherServlet'
2021-02-21 16:08:50.092 [RMI TCP Connection(3)-192.168.2.176] INFO  org.springframework.web.servlet.DispatcherServlet:547 - Completed initialization in 11 ms
2021-02-21 16:08:50.715 [main] INFO  org.jeecg.JeecgSystemApplication:38 - 
----------------------------------------------------------
	Application Jeecg-Boot is running! Access URLs:
	Local: 		http://localhost:2222/jeecg-boot/
	External: 	http://192.168.2.176:2222/jeecg-boot/
	Swagger文档: 	http://192.168.2.176:2222/jeecg-boot/doc.html
----------------------------------------------------------
